<?xml version="1.0" encoding="UTF-8"?>
<!-- Generated by org.testng.reporters.JUnitXMLReporter -->
<testsuite ignored="2" hostname="Puppy" failures="1" tests="2" name="Test" time="46.784" errors="0" timestamp="2023-11-09T07:58:02 IST">
  <testcase classname="testscripts.regression.ValidateLoginUsingPOM2" name="validateLoginTest" time="4.478"/>
  <testcase classname="testscripts.regression.ValidateRegistrationUsingPOM" name="validateRegistrationTest" time="5.787">
    <failure type="java.lang.AssertionError" message="expected [true] but found [false]">
      <![CDATA[java.lang.AssertionError: expected [true] but found [false]
at testscripts.regression.ValidateRegistrationUsingPOM.validateRegistrationTest(ValidateRegistrationUsingPOM.java:44)
at java.base/java.util.ArrayList.forEach(ArrayList.java:1511)
... Removed 31 stack frames]]>
    </failure>
  </testcase> <!-- validateRegistrationTest -->
  <testcase classname="base.BaseTest" name="@BeforeTest filesRead" time="0.0">
    <ignored/>
  </testcase> <!-- @BeforeTest filesRead -->
  <testcase classname="base.BaseTest" name="@AfterTest closeReports" time="0.0">
    <ignored/>
  </testcase> <!-- @AfterTest closeReports -->
</testsuite> <!-- Test -->
