<?xml version="1.0" encoding="UTF-8"?>
<!-- Generated by org.testng.reporters.JUnitXMLReporter -->
<testsuite ignored="2" hostname="Puppy" failures="0" tests="2" name="Test" time="23.991" errors="0" timestamp="2023-11-18T19:32:27 IST">
  <testcase classname="testscripts.regression.ValidateLoginUsingPOM2" name="validateLoginTest" time="3.794"/>
  <testcase classname="testscripts.regression.ValidateRegistrationUsingPOM" name="validateRegistrationTest" time="4.464"/>
  <testcase classname="base.BaseTest" name="@BeforeTest filesRead" time="0.0">
    <ignored/>
  </testcase> <!-- @BeforeTest filesRead -->
  <testcase classname="base.BaseTest" name="@AfterTest closeReports" time="0.0">
    <ignored/>
  </testcase> <!-- @AfterTest closeReports -->
</testsuite> <!-- Test -->
