<?xml version="1.0" encoding="UTF-8"?>
<testng-results ignored="0" total="2" passed="2" failed="0" skipped="0">
  <reporter-output>
  </reporter-output>
  <suite started-at="2023-11-18T19:32:03 IST" name="Suite" finished-at="2023-11-18T19:32:27 IST" duration-ms="23991">
    <groups>
    </groups>
    <test started-at="2023-11-18T19:32:03 IST" name="Test" finished-at="2023-11-18T19:32:27 IST" duration-ms="23991">
      <class name="testscripts.regression.ValidateRegistrationUsingPOM">
        <test-method is-config="true" signature="setup(org.testng.ITestContext)[pri:0, instance:testscripts.regression.ValidateRegistrationUsingPOM@19932c16]" started-at="2023-11-18T19:32:16 IST" name="setup" finished-at="2023-11-18T19:32:19 IST" duration-ms="3566" status="PASS">
          <params>
            <param index="0">
              <value>
                <![CDATA[org.testng.TestRunner@1e721583]]>
              </value>
            </param>
          </params>
          <reporter-output>
          </reporter-output>
        </test-method> <!-- setup -->
        <test-method signature="validateRegistrationTest(java.util.HashMap)[pri:0, instance:testscripts.regression.ValidateRegistrationUsingPOM@19932c16]" started-at="2023-11-18T19:32:19 IST" name="validateRegistrationTest" data-provider="getData" finished-at="2023-11-18T19:32:24 IST" duration-ms="4464" status="PASS">
          <params>
            <param index="0">
              <value>
                <![CDATA[{Expected Title=Adactin.com - New User Registration, Username=Ravi0111, Captcha Text=marbly, Confirm Password=Ravi123, Full Name=Ravi Kumar, Password=Ravi123, Email Address=ravi12@gmail.com}]]>
              </value>
            </param>
          </params>
          <reporter-output>
          </reporter-output>
        </test-method> <!-- validateRegistrationTest -->
        <test-method is-config="true" signature="teardown()[pri:0, instance:testscripts.regression.ValidateRegistrationUsingPOM@19932c16]" started-at="2023-11-18T19:32:24 IST" name="teardown" finished-at="2023-11-18T19:32:27 IST" duration-ms="3145" status="PASS">
          <reporter-output>
          </reporter-output>
        </test-method> <!-- teardown -->
      </class> <!-- testscripts.regression.ValidateRegistrationUsingPOM -->
      <class name="testscripts.regression.ValidateLoginUsingPOM2">
        <test-method is-config="true" signature="filesRead()[pri:0, instance:testscripts.regression.ValidateLoginUsingPOM2@4082ba93]" started-at="2023-11-18T19:32:03 IST" name="filesRead" finished-at="2023-11-18T19:32:03 IST" duration-ms="181" status="PASS">
          <reporter-output>
          </reporter-output>
        </test-method> <!-- filesRead -->
        <test-method is-config="true" signature="setup(org.testng.ITestContext)[pri:0, instance:testscripts.regression.ValidateLoginUsingPOM2@4082ba93]" started-at="2023-11-18T19:32:04 IST" name="setup" finished-at="2023-11-18T19:32:09 IST" duration-ms="4645" status="PASS">
          <params>
            <param index="0">
              <value>
                <![CDATA[org.testng.TestRunner@1e721583]]>
              </value>
            </param>
          </params>
          <reporter-output>
          </reporter-output>
        </test-method> <!-- setup -->
        <test-method signature="validateLoginTest(java.util.HashMap)[pri:0, instance:testscripts.regression.ValidateLoginUsingPOM2@4082ba93]" started-at="2023-11-18T19:32:09 IST" name="validateLoginTest" data-provider="getData" finished-at="2023-11-18T19:32:12 IST" duration-ms="3794" status="PASS">
          <params>
            <param index="0">
              <value>
                <![CDATA[{Expected Title=Adactin.com - Search Hotel, password=reyaz123, username=reyaz009}]]>
              </value>
            </param>
          </params>
          <reporter-output>
          </reporter-output>
        </test-method> <!-- validateLoginTest -->
        <test-method is-config="true" signature="teardown()[pri:0, instance:testscripts.regression.ValidateLoginUsingPOM2@4082ba93]" started-at="2023-11-18T19:32:12 IST" name="teardown" finished-at="2023-11-18T19:32:16 IST" duration-ms="3158" status="PASS">
          <reporter-output>
          </reporter-output>
        </test-method> <!-- teardown -->
        <test-method is-config="true" signature="closeReports()[pri:0, instance:testscripts.regression.ValidateLoginUsingPOM2@4082ba93]" started-at="2023-11-18T19:32:27 IST" name="closeReports" finished-at="2023-11-18T19:32:27 IST" duration-ms="210" status="PASS">
          <reporter-output>
          </reporter-output>
        </test-method> <!-- closeReports -->
      </class> <!-- testscripts.regression.ValidateLoginUsingPOM2 -->
    </test> <!-- Test -->
  </suite> <!-- Suite -->
</testng-results>
